10/24/2018 06:20:10 AM - LoginPage - INFO: Element Found with locator: Login and locatorType: link
10/24/2018 06:20:10 AM - LoginPage - INFO: clicked on element with locator: Login locatorType: link
10/24/2018 06:20:14 AM - LoginPage - INFO: Element Found with locator: user_email and locatorType: id
10/24/2018 06:20:14 AM - LoginPage - INFO: Sent data on element with locator: user_email and locatorType: id
10/24/2018 06:20:14 AM - LoginPage - INFO: Element Found with locator: user_password and locatorType: id
10/24/2018 06:20:15 AM - LoginPage - INFO: Sent data on element with locator: user_password and locatorType: id
10/24/2018 06:20:15 AM - LoginPage - INFO: Element Found with locator: commit and locatorType: name
10/24/2018 06:20:17 AM - LoginPage - INFO: clicked on element with locator: commit locatorType: name
10/24/2018 06:25:09 AM - LoginPage - INFO: Element Found with locator: Login and locatorType: link
10/24/2018 06:25:09 AM - LoginPage - INFO: clicked on element with locator: Login locatorType: link
10/24/2018 06:25:12 AM - LoginPage - INFO: Element Found with locator: user_email and locatorType: id
10/24/2018 06:25:12 AM - LoginPage - INFO: Sent data on element with locator: user_email and locatorType: id
10/24/2018 06:25:12 AM - LoginPage - INFO: Element Found with locator: user_password and locatorType: id
10/24/2018 06:25:12 AM - LoginPage - INFO: Sent data on element with locator: user_password and locatorType: id
10/24/2018 06:25:12 AM - LoginPage - INFO: Element Found with locator: commit and locatorType: name
10/24/2018 06:25:15 AM - LoginPage - INFO: clicked on element with locator: commit locatorType: name
10/24/2018 06:25:15 AM - LoginPage - INFO: Element Found with locator: //*[@id='navbar']//span[text()='Test User'] and locatorType: xpath
10/24/2018 06:25:15 AM - LoginPage - INFO: Element Found
10/24/2018 06:41:21 AM - LoginPage - INFO: Element Found with locator: Login and locatorType: link
10/24/2018 06:41:21 AM - LoginPage - INFO: clicked on element with locator: Login locatorType: link
10/24/2018 06:41:23 AM - LoginPage - INFO: Element Found with locator: user_email and locatorType: id
10/24/2018 06:41:23 AM - LoginPage - INFO: Sent data on element with locator: user_email and locatorType: id
10/24/2018 06:41:23 AM - LoginPage - INFO: Element Found with locator: user_password and locatorType: id
10/24/2018 06:41:23 AM - LoginPage - INFO: Sent data on element with locator: user_password and locatorType: id
10/24/2018 06:41:24 AM - LoginPage - INFO: Element Found with locator: commit and locatorType: name
10/24/2018 06:41:26 AM - LoginPage - INFO: clicked on element with locator: commit locatorType: name
10/24/2018 06:41:26 AM - LoginPage - INFO: Element Found with locator: //div[contains(text(),'Invalid email or password')] and locatorType: xpath
10/24/2018 06:41:26 AM - LoginPage - INFO: Element Found
10/24/2018 06:41:29 AM - LoginPage - INFO: Element not Found with locator: Login and locatorType: link
10/24/2018 06:41:29 AM - LoginPage - INFO: cannot click on element with locator: Login locatorType: link
10/24/2018 06:41:29 AM - LoginPage - INFO: Element Found with locator: user_email and locatorType: id
10/24/2018 06:41:29 AM - LoginPage - INFO: Sent data on element with locator: user_email and locatorType: id
10/24/2018 06:41:29 AM - LoginPage - INFO: Element Found with locator: user_password and locatorType: id
10/24/2018 06:41:29 AM - LoginPage - INFO: Sent data on element with locator: user_password and locatorType: id
10/24/2018 06:41:29 AM - LoginPage - INFO: Element Found with locator: commit and locatorType: name
10/24/2018 06:41:29 AM - LoginPage - INFO: clicked on element with locator: commit locatorType: name
10/24/2018 06:41:33 AM - LoginPage - INFO: Element not Found with locator: //*[@id='navbar']//span[text()='Test User'] and locatorType: xpath
10/24/2018 06:41:33 AM - LoginPage - INFO: Element not found
10/24/2018 06:42:58 AM - LoginPage - INFO: Element Found with locator: Login and locatorType: link
10/24/2018 06:42:58 AM - LoginPage - INFO: clicked on element with locator: Login locatorType: link
10/24/2018 06:43:00 AM - LoginPage - INFO: Element Found with locator: user_email and locatorType: id
10/24/2018 06:43:00 AM - LoginPage - INFO: Sent data on element with locator: user_email and locatorType: id
10/24/2018 06:43:00 AM - LoginPage - INFO: Element Found with locator: user_password and locatorType: id
10/24/2018 06:43:01 AM - LoginPage - INFO: Sent data on element with locator: user_password and locatorType: id
10/24/2018 06:43:01 AM - LoginPage - INFO: Element Found with locator: commit and locatorType: name
10/24/2018 06:43:02 AM - LoginPage - INFO: clicked on element with locator: commit locatorType: name
10/24/2018 06:43:02 AM - LoginPage - INFO: Element Found with locator: //div[contains(text(),'Invalid email or password')] and locatorType: xpath
10/24/2018 06:43:02 AM - LoginPage - INFO: Element Found
10/24/2018 06:43:05 AM - LoginPage - INFO: Element not Found with locator: Login and locatorType: link
10/24/2018 06:43:05 AM - LoginPage - INFO: cannot click on element with locator: Login locatorType: link
10/24/2018 06:43:05 AM - LoginPage - INFO: Element Found with locator: user_email and locatorType: id
10/24/2018 06:43:05 AM - LoginPage - INFO: Sent data on element with locator: user_email and locatorType: id
10/24/2018 06:43:05 AM - LoginPage - INFO: Element Found with locator: user_password and locatorType: id
10/24/2018 06:43:05 AM - LoginPage - INFO: Sent data on element with locator: user_password and locatorType: id
10/24/2018 06:43:05 AM - LoginPage - INFO: Element Found with locator: commit and locatorType: name
10/24/2018 06:43:06 AM - LoginPage - INFO: clicked on element with locator: commit locatorType: name
10/24/2018 06:43:09 AM - LoginPage - INFO: Element not Found with locator: //*[@id='navbar']//span[text()='Test User'] and locatorType: xpath
10/24/2018 06:43:09 AM - LoginPage - INFO: Element not found
10/24/2018 06:50:25 AM - LoginPage - INFO: Element Found with locator: Login and locatorType: link
10/24/2018 06:50:25 AM - LoginPage - INFO: clicked on element with locator: Login locatorType: link
10/24/2018 06:50:28 AM - LoginPage - INFO: Element Found with locator: user_email and locatorType: id
10/24/2018 06:50:28 AM - LoginPage - INFO: Sent data on element with locator: user_email and locatorType: id
10/24/2018 06:50:28 AM - LoginPage - INFO: Element Found with locator: user_password and locatorType: id
10/24/2018 06:50:28 AM - LoginPage - INFO: Sent data on element with locator: user_password and locatorType: id
10/24/2018 06:50:28 AM - LoginPage - INFO: Element Found with locator: commit and locatorType: name
10/24/2018 06:50:42 AM - LoginPage - INFO: clicked on element with locator: commit locatorType: name
10/24/2018 06:50:42 AM - LoginPage - INFO: Element Found with locator: //div[contains(text(),'Invalid email or password')] and locatorType: xpath
10/24/2018 06:50:42 AM - LoginPage - INFO: Element Found
10/25/2018 06:44:13 AM - LoginPage - INFO: Element Found with locator: Login and locatorType: link
10/25/2018 06:44:13 AM - LoginPage - INFO: clicked on element with locator: Login locatorType: link
10/25/2018 06:44:18 AM - LoginPage - INFO: Element Found with locator: user_email and locatorType: id
10/25/2018 06:44:19 AM - LoginPage - INFO: Sent data on element with locator: user_email and locatorType: id
10/25/2018 06:44:19 AM - LoginPage - INFO: Element Found with locator: user_password and locatorType: id
10/25/2018 06:44:19 AM - LoginPage - INFO: Sent data on element with locator: user_password and locatorType: id
10/25/2018 06:44:19 AM - LoginPage - INFO: Element Found with locator: commit and locatorType: name
10/25/2018 06:44:23 AM - LoginPage - INFO: clicked on element with locator: commit locatorType: name
10/25/2018 06:44:24 AM - LoginPage - INFO: Element Found with locator: //div[contains(text(),'Invalid email or password')] and locatorType: xpath
10/25/2018 06:44:24 AM - LoginPage - INFO: Element Found
10/25/2018 06:44:24 AM - LoginPage - INFO: Element Found with locator: user_email and locatorType: id
10/25/2018 06:44:24 AM - LoginPage - INFO: Element Found with locator: user_password and locatorType: id
10/25/2018 06:44:27 AM - LoginPage - INFO: Element not Found with locator: Login and locatorType: link
10/25/2018 06:44:27 AM - LoginPage - INFO: cannot click on element with locator: Login locatorType: link
10/25/2018 06:44:27 AM - LoginPage - INFO: Element Found with locator: user_email and locatorType: id
10/25/2018 06:44:28 AM - LoginPage - INFO: Sent data on element with locator: user_email and locatorType: id
10/25/2018 06:44:28 AM - LoginPage - INFO: Element Found with locator: user_password and locatorType: id
10/25/2018 06:44:28 AM - LoginPage - INFO: Sent data on element with locator: user_password and locatorType: id
10/25/2018 06:44:28 AM - LoginPage - INFO: Element Found with locator: commit and locatorType: name
10/25/2018 06:44:30 AM - LoginPage - INFO: clicked on element with locator: commit locatorType: name
10/25/2018 06:44:30 AM - LoginPage - INFO: Element Found with locator: //*[@id='navbar']//span[text()='Test User'] and locatorType: xpath
10/25/2018 06:44:30 AM - LoginPage - INFO: Element Found
10/25/2018 06:44:58 AM - LoginPage - INFO: Element Found with locator: Login and locatorType: link
10/25/2018 06:44:58 AM - LoginPage - INFO: clicked on element with locator: Login locatorType: link
10/25/2018 06:45:01 AM - LoginPage - INFO: Element Found with locator: user_email and locatorType: id
10/25/2018 06:45:01 AM - LoginPage - INFO: Sent data on element with locator: user_email and locatorType: id
10/25/2018 06:45:01 AM - LoginPage - INFO: Element Found with locator: user_password and locatorType: id
10/25/2018 06:45:01 AM - LoginPage - INFO: Sent data on element with locator: user_password and locatorType: id
10/25/2018 06:45:01 AM - LoginPage - INFO: Element Found with locator: commit and locatorType: name
10/25/2018 06:45:02 AM - LoginPage - INFO: clicked on element with locator: commit locatorType: name
10/25/2018 06:45:02 AM - LoginPage - INFO: Element Found with locator: //div[contains(text(),'Invalid email or password')] and locatorType: xpath
10/25/2018 06:45:02 AM - LoginPage - INFO: Element Found
10/25/2018 06:45:02 AM - LoginPage - INFO: Element Found with locator: user_email and locatorType: id
10/25/2018 06:45:03 AM - LoginPage - INFO: Element Found with locator: user_password and locatorType: id
10/25/2018 06:45:06 AM - LoginPage - INFO: Element not Found with locator: Login and locatorType: link
10/25/2018 06:45:06 AM - LoginPage - INFO: cannot click on element with locator: Login locatorType: link
10/25/2018 06:45:06 AM - LoginPage - INFO: Element Found with locator: user_email and locatorType: id
10/25/2018 06:45:06 AM - LoginPage - INFO: Sent data on element with locator: user_email and locatorType: id
10/25/2018 06:45:06 AM - LoginPage - INFO: Element Found with locator: user_password and locatorType: id
10/25/2018 06:45:06 AM - LoginPage - INFO: Sent data on element with locator: user_password and locatorType: id
10/25/2018 06:45:06 AM - LoginPage - INFO: Element Found with locator: commit and locatorType: name
10/25/2018 06:45:10 AM - LoginPage - INFO: clicked on element with locator: commit locatorType: name
10/25/2018 06:45:10 AM - LoginPage - INFO: Element Found with locator: //*[@id='navbar']//span[text()='Test User'] and locatorType: xpath
10/25/2018 06:45:10 AM - LoginPage - INFO: Element Found
10/25/2018 06:57:17 AM - LoginPage - INFO: Element Found with locator: Login and locatorType: link
10/25/2018 06:57:17 AM - LoginPage - INFO: clicked on element with locator: Login locatorType: link
10/25/2018 06:57:20 AM - LoginPage - INFO: Element Found with locator: user_email and locatorType: id
10/25/2018 06:57:21 AM - LoginPage - INFO: Sent data on element with locator: user_email and locatorType: id
10/25/2018 06:57:21 AM - LoginPage - INFO: Element Found with locator: user_password and locatorType: id
10/25/2018 06:57:21 AM - LoginPage - INFO: Sent data on element with locator: user_password and locatorType: id
10/25/2018 06:57:21 AM - LoginPage - INFO: Element Found with locator: commit and locatorType: name
10/25/2018 06:57:23 AM - LoginPage - INFO: clicked on element with locator: commit locatorType: name
10/25/2018 06:57:23 AM - LoginPage - INFO: Element Found with locator: //div[contains(text(),'Invalid email or password')] and locatorType: xpath
10/25/2018 06:57:23 AM - LoginPage - INFO: Element Found
10/25/2018 06:57:23 AM - LoginPage - INFO: Element Found with locator: user_email and locatorType: id
10/25/2018 06:57:23 AM - LoginPage - INFO: Element Found with locator: user_password and locatorType: id
10/25/2018 06:57:26 AM - LoginPage - INFO: Element not Found with locator: Login and locatorType: link
10/25/2018 06:57:26 AM - LoginPage - INFO: cannot click on element with locator: Login locatorType: link
10/25/2018 06:57:26 AM - LoginPage - INFO: Element Found with locator: user_email and locatorType: id
10/25/2018 06:57:27 AM - LoginPage - INFO: Sent data on element with locator: user_email and locatorType: id
10/25/2018 06:57:27 AM - LoginPage - INFO: Element Found with locator: user_password and locatorType: id
10/25/2018 06:57:27 AM - LoginPage - INFO: Sent data on element with locator: user_password and locatorType: id
10/25/2018 06:57:27 AM - LoginPage - INFO: Element Found with locator: commit and locatorType: name
10/25/2018 06:57:29 AM - LoginPage - INFO: clicked on element with locator: commit locatorType: name
10/25/2018 06:57:29 AM - LoginPage - INFO: Element Found with locator: //*[@id='navbar']//span[text()='Test User'] and locatorType: xpath
10/25/2018 06:57:29 AM - LoginPage - INFO: Element Found
10/25/2018 07:13:09 AM - LoginPage - INFO: Element Found with locator: Login and locatorType: link
10/25/2018 07:13:09 AM - LoginPage - INFO: clicked on element with locator: Login locatorType: link
10/25/2018 07:13:16 AM - LoginPage - INFO: Element Found with locator: user_email and locatorType: id
10/25/2018 07:13:16 AM - LoginPage - INFO: Sent data on element with locator: user_email and locatorType: id
10/25/2018 07:13:16 AM - LoginPage - INFO: Element Found with locator: user_password and locatorType: id
10/25/2018 07:13:16 AM - LoginPage - INFO: Sent data on element with locator: user_password and locatorType: id
10/25/2018 07:13:16 AM - LoginPage - INFO: Element Found with locator: commit and locatorType: name
10/25/2018 07:13:19 AM - LoginPage - INFO: clicked on element with locator: commit locatorType: name
10/25/2018 07:13:19 AM - LoginPage - INFO: Element Found with locator: //div[contains(text(),'Invalid email or password')] and locatorType: xpath
10/25/2018 07:13:19 AM - LoginPage - INFO: Element Found
10/25/2018 07:13:19 AM - LoginPage - INFO: Element Found with locator: user_email and locatorType: id
10/25/2018 07:13:19 AM - LoginPage - INFO: Element Found with locator: user_password and locatorType: id
10/25/2018 07:13:22 AM - LoginPage - INFO: Element not Found with locator: Login and locatorType: link
10/25/2018 07:13:22 AM - LoginPage - INFO: cannot click on element with locator: Login locatorType: link
10/25/2018 07:13:23 AM - LoginPage - INFO: Element Found with locator: user_email and locatorType: id
10/25/2018 07:13:23 AM - LoginPage - INFO: Sent data on element with locator: user_email and locatorType: id
10/25/2018 07:13:23 AM - LoginPage - INFO: Element Found with locator: user_password and locatorType: id
10/25/2018 07:13:23 AM - LoginPage - INFO: Sent data on element with locator: user_password and locatorType: id
10/25/2018 07:13:23 AM - LoginPage - INFO: Element Found with locator: commit and locatorType: name
10/25/2018 07:13:26 AM - LoginPage - INFO: clicked on element with locator: commit locatorType: name
